<?xml version="1.0" encoding="UTF-8"?>
<!-- Generated by org.testng.reporters.JUnitXMLReporter -->
<testsuite ignored="0" hostname="DESKTOP-K0ONJ7J" failures="2" tests="7" name="Default test" time="113.978" errors="0" timestamp="2025-03-04T13:58:45 IST">
  <testcase classname="io.cucumber.testng.AbstractTestNGCucumberTests" name="runScenario" time="44.591">
    <failure type="java.lang.NullPointerException" message="Cannot invoke &amp;quot;org.openqa.selenium.WebElement.clear()&amp;quot; because &amp;quot;waitedelement&amp;quot; is null">
      <![CDATA[java.lang.NullPointerException: Cannot invoke "org.openqa.selenium.WebElement.clear()" because "waitedelement" is null
at Utilities.UtilityElements.textInput(UtilityElements.java:26)
at PageObjects.LoginPage.LoginCredentials(LoginPage.java:36)
at Stepdefination.Login.user_enter_the_username_and_password(Login.java:33)
at ✽.user enter the username "standard_user" and password "secret_sauce"(file:///C:/Usereclipsonly/Koushikworkspace1/CucumberHybrid-Saucelab/src/test/java/features/LandingPage.feature:6)
]]>
    </failure>
  </testcase> <!-- runScenario -->
  <testcase classname="io.cucumber.testng.AbstractTestNGCucumberTests" name="runScenario" time="31.471">
    <failure type="java.lang.NullPointerException" message="Cannot invoke &amp;quot;org.openqa.selenium.WebElement.clear()&amp;quot; because &amp;quot;waitedelement&amp;quot; is null">
      <![CDATA[java.lang.NullPointerException: Cannot invoke "org.openqa.selenium.WebElement.clear()" because "waitedelement" is null
at Utilities.UtilityElements.textInput(UtilityElements.java:26)
at PageObjects.LoginPage.LoginCredentials(LoginPage.java:36)
at Stepdefination.Login.user_enter_the_username_and_password(Login.java:33)
at ✽.user enter the username "standard_user" and password "secret_sauce"(file:///C:/Usereclipsonly/Koushikworkspace1/CucumberHybrid-Saucelab/src/test/java/features/LandingPage.feature:6)
]]>
    </failure>
  </testcase> <!-- runScenario -->
  <testcase classname="io.cucumber.testng.AbstractTestNGCucumberTests" name="runScenario" time="7.814"/>
  <testcase classname="io.cucumber.testng.AbstractTestNGCucumberTests" name="runScenario" time="7.15"/>
  <testcase classname="io.cucumber.testng.AbstractTestNGCucumberTests" name="runScenario" time="6.805"/>
  <testcase classname="io.cucumber.testng.AbstractTestNGCucumberTests" name="runScenario" time="7.624"/>
  <testcase classname="io.cucumber.testng.AbstractTestNGCucumberTests" name="runScenario" time="6.604"/>
</testsuite> <!-- Default test -->
